2019-04-25T08:18:16.803Z info: "Server Started on 7836"
2019-04-25T08:18:16.802Z info: "Server Started on 7836"
2019-04-25T08:18:16.803Z info: "Server Started on 7836"
2019-04-25T08:18:16.807Z info: "Server Started on 7836"
2019-04-25T08:18:22.175Z info: "Incoming Request : /v1/users/b22da350-672f-11e9-9673-17798485f99b"
2019-04-25T08:18:22.212Z error: {"result":"failure","response":{"message":"Object Not Found","code":"NOTFOUND"}}
2019-04-25T21:07:01.745Z info: "Server Started on 7836"
2019-04-25T21:07:01.757Z info: "Server Started on 7836"
2019-04-25T21:07:01.762Z info: "Server Started on 7836"
2019-04-25T21:07:01.748Z info: "Server Started on 7836"
2019-04-25T21:09:24.746Z info: "Incoming Request : /v1/auth/signup"
2019-04-25T21:09:24.748Z error: "This API does not Exist : POST /v1/auth/signup"
2019-04-25T21:09:43.991Z error: "authservice is not defined"
2019-04-25T21:09:43.994Z error: "authservice is not defined"
2019-04-25T21:09:43.998Z error: "authservice is not defined"
2019-04-25T21:09:43.987Z error: "authservice is not defined"
2019-04-25T21:09:48.375Z error: "authservice is not defined"
2019-04-25T21:09:48.372Z error: "authservice is not defined"
2019-04-25T21:09:48.444Z error: "authservice is not defined"
2019-04-25T21:09:48.500Z error: "authservice is not defined"
2019-04-25T21:09:52.586Z error: "authservice is not defined"
2019-04-25T21:09:52.670Z error: "authservice is not defined"
2019-04-25T21:09:52.773Z error: "authservice is not defined"
2019-04-25T21:09:52.840Z error: "authservice is not defined"
2019-04-25T21:09:56.948Z info: "Server Started on 7836"
2019-04-25T21:09:58.771Z info: "Server Started on 7836"
2019-04-25T21:09:58.823Z info: "Server Started on 7836"
2019-04-25T21:09:58.869Z info: "Server Started on 7836"
2019-04-25T21:09:58.963Z info: "Server Started on 7836"
2019-04-25T21:10:03.582Z info: "Incoming Request : /v1/auth/signup"
2019-04-25T21:10:03.583Z error: "This API does not Exist : POST /v1/auth/signup"
2019-04-25T21:10:14.938Z info: "Incoming Request : /v1/signup"
2019-04-25T21:10:14.985Z error: {"result":"failure","response":{"message":"Invalid Credentials","code":"SIGNINERROR"}}
2019-04-25T21:10:35.268Z info: "Server Started on 7836"
2019-04-25T21:10:35.270Z info: "Server Started on 7836"
2019-04-25T21:10:35.293Z info: "Server Started on 7836"
2019-04-25T21:10:35.278Z info: "Server Started on 7836"
2019-04-25T21:10:35.939Z info: "Incoming Request : /v1/signup"
2019-04-25T21:11:02.211Z info: "Incoming Request : /v1/signin"
2019-04-25T21:11:16.092Z info: "Incoming Request : /v1/signin"
2019-04-25T21:12:06.766Z info: "Server Started on 7836"
2019-04-25T21:12:06.797Z info: "Server Started on 7836"
2019-04-25T21:12:06.854Z info: "Server Started on 7836"
2019-04-25T21:12:06.882Z info: "Server Started on 7836"
2019-04-25T21:12:09.065Z info: "Incoming Request : /v1/signin"
2019-04-25T21:12:53.404Z info: "Server Started on 7836"
2019-04-25T21:12:53.403Z info: "Server Started on 7836"
2019-04-25T21:12:53.406Z info: "Server Started on 7836"
2019-04-25T21:12:53.403Z info: "Server Started on 7836"
2019-04-25T21:12:56.431Z info: "Incoming Request : /v1/signin"
2019-04-25T21:12:56.517Z error: {"result":"failure","response":{"message":"Cast to string failed for value \"{ userId: '91c3c210-679e-11e9-99c7-7fe0ae2536bc' }\" at path \"userId\" for model \"user\"","code":"EXCEPTION"}}
2019-04-25T21:13:53.090Z info: "Server Started on 7836"
2019-04-25T21:13:53.082Z info: "Server Started on 7836"
2019-04-25T21:13:53.082Z info: "Server Started on 7836"
2019-04-25T21:13:53.101Z info: "Server Started on 7836"
2019-04-25T21:13:55.288Z info: "Incoming Request : /v1/signin"
2019-04-25T21:14:19.790Z info: "Server Started on 7836"
2019-04-25T21:14:19.797Z info: "Server Started on 7836"
2019-04-25T21:14:19.794Z info: "Server Started on 7836"
2019-04-25T21:14:19.790Z info: "Server Started on 7836"
2019-04-25T21:14:21.767Z info: "Incoming Request : /v1/signin"
2019-04-25T23:27:10.026Z error: "Cannot find module 'passport'"
2019-04-25T23:27:10.029Z error: "Cannot find module 'passport'"
2019-04-25T23:27:10.035Z error: "Cannot find module 'passport'"
2019-04-25T23:27:10.029Z error: "Cannot find module 'passport'"
2019-04-25T23:27:15.125Z error: "Cannot find module 'passport'"
2019-04-25T23:27:15.126Z error: "Cannot find module 'passport'"
2019-04-25T23:27:15.141Z error: "Cannot find module 'passport'"
2019-04-25T23:27:15.147Z error: "Cannot find module 'passport'"
2019-04-25T23:27:20.265Z error: "Cannot find module 'passport'"
2019-04-25T23:27:20.447Z error: "Cannot find module 'passport'"
2019-04-25T23:27:20.483Z error: "Cannot find module 'passport'"
2019-04-25T23:27:20.572Z error: "Cannot find module 'passport'"
2019-04-25T23:27:24.954Z error: "Cannot find module 'passport'"
2019-04-25T23:27:25.256Z error: "Cannot find module 'passport'"
2019-04-25T23:27:25.259Z error: "Cannot find module 'passport'"
2019-04-25T23:27:25.333Z error: "Cannot find module 'passport'"
2019-04-25T23:27:29.581Z info: "Server Started on 7836"
2019-04-25T23:27:29.858Z info: "Server Started on 7836"
2019-04-25T23:27:29.892Z info: "Server Started on 7836"
2019-04-25T23:27:30.050Z info: "Server Started on 7836"
2019-04-25T23:27:48.600Z info: "Server Started on 7836"
2019-04-25T23:27:48.620Z info: "Server Started on 7836"
2019-04-25T23:27:48.622Z info: "Server Started on 7836"
2019-04-25T23:27:48.783Z info: "Server Started on 7836"
2019-04-25T23:39:04.924Z info: "Incoming Request : /signup"
2019-04-25T23:39:04.924Z error: "This API does not Exist : OPTIONS /signup"
2019-04-26T06:28:34.771Z info: "Server Started on 7836"
2019-04-26T06:28:34.776Z info: "Server Started on 7836"
2019-04-26T06:28:34.771Z info: "Server Started on 7836"
2019-04-26T06:28:34.771Z info: "Server Started on 7836"
2019-04-26T06:28:41.630Z info: "Incoming Request : /v1/signin"
2019-04-26T06:29:28.913Z info: "Incoming Request : /v1"
2019-04-26T06:29:28.914Z error: "This API does not Exist : GET /v1"
2019-04-26T06:29:29.412Z info: "Incoming Request : /favicon.ico"
2019-04-26T06:29:29.413Z error: "This API does not Exist : GET /favicon.ico"
2019-04-26T06:46:01.706Z info: "Incoming Request : /v1/signup"
2019-04-26T06:46:01.708Z error: "This API does not Exist : GET /v1/signup"
2019-04-26T06:46:01.833Z info: "Incoming Request : /favicon.ico"
2019-04-26T06:46:01.834Z error: "This API does not Exist : GET /favicon.ico"
2019-04-26T06:46:02.187Z info: "Incoming Request : /v1/signup"
2019-04-26T06:46:02.231Z info: "Incoming Request : /v1/signup"
2019-04-26T06:46:02.291Z error: {"result":"failure","response":{"message":"User Exists","code":"USEREXISTS"}}
2019-04-26T06:46:05.365Z info: "Incoming Request : /v1/signup"
2019-04-26T06:46:05.366Z error: "This API does not Exist : GET /v1/signup"
2019-04-26T06:46:10.056Z info: "Incoming Request : /v1/signup"
2019-04-26T06:46:10.057Z error: "This API does not Exist : GET /v1/signup"
2019-04-26T06:46:15.429Z info: "Server Started on 7836"
2019-04-26T06:46:15.425Z info: "Server Started on 7836"
2019-04-26T06:46:15.425Z info: "Server Started on 7836"
2019-04-26T06:46:15.425Z info: "Server Started on 7836"
2019-04-26T06:46:15.560Z info: "Incoming Request : /v1/signup"
2019-04-26T06:46:15.562Z error: "This API does not Exist : GET /v1/signup"
2019-04-26T06:46:21.947Z info: "Incoming Request : /v1/signup"
2019-04-26T06:46:21.948Z error: "This API does not Exist : GET /v1/signup"
2019-04-26T06:47:36.101Z info: "Incoming Request : /v1/signup"
2019-04-26T06:47:36.125Z info: "Incoming Request : /v1/signup"
2019-04-26T06:47:36.169Z error: {"result":"failure","response":{"message":"User Exists","code":"USEREXISTS"}}
2019-04-26T06:49:32.327Z info: "Incoming Request : /v1/signup"
2019-04-26T06:49:32.372Z info: "Incoming Request : /v1/signup"
2019-04-26T07:00:38.572Z info: "Server Started on 7836"
2019-04-26T07:00:38.569Z info: "Server Started on 7836"
2019-04-26T07:00:38.656Z info: "Server Started on 7836"
2019-04-26T07:00:38.644Z info: "Server Started on 7836"
2019-04-26T07:01:28.772Z info: "Incoming Request : /v1/users/91c3c210-679e-11e9-99c7-7fe0ae2536bc"
2019-04-26T07:01:28.781Z error: {"result":"failure","response":{"message":"Schema is not defined","code":"EXCEPTION"}}
2019-04-26T07:02:11.326Z info: "Server Started on 7836"
2019-04-26T07:02:11.330Z info: "Server Started on 7836"
2019-04-26T07:02:11.326Z info: "Server Started on 7836"
2019-04-26T07:02:11.342Z info: "Server Started on 7836"
2019-04-26T07:02:19.442Z info: "Incoming Request : /v1/users/91c3c210-679e-11e9-99c7-7fe0ae2536bc"
2019-04-26T07:02:19.489Z error: {"result":"failure","response":{"message":"Cast to embedded failed for value \"'English'\" at path \"language\"","code":"EXCEPTION"}}
2019-04-26T07:02:32.532Z info: "Incoming Request : /v1/signup"
2019-04-26T07:02:32.572Z info: "Incoming Request : /v1/signup"
2019-04-26T07:02:54.298Z info: "Incoming Request : /v1/users/91c3c210-679e-11e9-99c7-7fe0ae2536bc"
2019-04-26T07:06:11.144Z info: "Incoming Request : /v1/users/91c3c210-679e-11e9-99c7-7fe0ae2536bc"
2019-04-26T07:10:06.635Z info: "Incoming Request : /v1/users/91c3c210-679e-11e9-99c7-7fe0ae2536bc"
2019-04-26T07:10:20.502Z info: "Incoming Request : /v1/users/91c3c210-679e-11e9-99c7-7fe0ae2536bc"
2019-04-26T07:10:20.508Z error: {"result":"failure","response":{"message":"Validation failed: education.0.graduationYear: Path `graduationYear` (`12342`) is longer than the maximum allowed length (4).","code":"EXCEPTION"}}
2019-04-26T07:10:29.202Z info: "Incoming Request : /v1/signup"
2019-04-26T07:10:29.236Z info: "Incoming Request : /v1/signup"
2019-04-26T07:11:10.466Z info: "Incoming Request : /v1/signup"
2019-04-26T07:11:10.477Z info: "Incoming Request : /v1/signup"
2019-04-26T07:11:10.494Z error: {"result":"failure","response":{"message":"User Exists","code":"USEREXISTS"}}
2019-04-26T07:12:01.483Z info: "Incoming Request : /v1/signup"
2019-04-26T07:12:01.503Z info: "Incoming Request : /v1/signup"
2019-04-26T07:20:22.818Z info: "Incoming Request : /v1/signup"
2019-04-26T07:20:22.831Z info: "Incoming Request : /v1/signup"
2019-04-26T07:20:57.653Z info: "Incoming Request : /v1/signup"
2019-04-26T07:20:57.664Z info: "Incoming Request : /v1/signup"
2019-04-26T07:21:46.047Z info: "Incoming Request : /v1/signup"
2019-04-26T07:21:46.060Z info: "Incoming Request : /v1/signup"
2019-04-26T07:21:46.070Z error: {"result":"failure","response":{"message":"User Exists","code":"USEREXISTS"}}
2019-04-26T07:22:16.561Z info: "Incoming Request : /v1/signup"
2019-04-26T07:22:16.578Z info: "Incoming Request : /v1/signup"
2019-04-26T07:22:54.617Z info: "Incoming Request : /v1/signup"
2019-04-26T07:22:54.639Z info: "Incoming Request : /v1/signup"
2019-04-26T07:23:50.931Z info: "Incoming Request : /v1/signup"
2019-04-26T07:23:50.944Z info: "Incoming Request : /v1/signup"
2019-04-26T07:24:18.460Z info: "Incoming Request : /v1/signup"
2019-04-26T07:24:18.466Z info: "Incoming Request : /v1/signup"
2019-04-26T07:25:38.963Z info: "Incoming Request : /v1/signup"
2019-04-26T07:25:38.988Z info: "Incoming Request : /v1/signup"
2019-04-26T07:25:38.999Z error: {"result":"failure","response":{"message":"User Exists","code":"USEREXISTS"}}
2019-04-26T07:25:40.280Z info: "Incoming Request : /v1/signup"
2019-04-26T07:25:40.289Z error: {"result":"failure","response":{"message":"User Exists","code":"USEREXISTS"}}
2019-04-26T07:26:05.180Z info: "Incoming Request : /v1/signup"
2019-04-26T07:26:05.219Z info: "Incoming Request : /v1/signup"
2019-04-26T07:26:05.230Z error: {"result":"failure","response":{"message":"User Exists","code":"USEREXISTS"}}
2019-04-26T08:29:10.771Z info: "Server Started on 7836"
2019-04-26T08:29:10.774Z info: "Server Started on 7836"
2019-04-26T08:29:10.772Z info: "Server Started on 7836"
2019-04-26T08:29:10.775Z info: "Server Started on 7836"
2019-04-26T09:05:33.154Z info: "Server Started on 7836"
2019-04-26T09:05:33.156Z info: "Server Started on 7836"
2019-04-26T09:05:33.153Z info: "Server Started on 7836"
2019-04-26T09:05:33.153Z info: "Server Started on 7836"
2019-04-26T09:06:51.813Z info: "Incoming Request : /v1/signup"
2019-04-26T09:06:54.578Z info: "Incoming Request : /v1/signup"
2019-04-26T09:06:54.595Z error: {"result":"failure","response":{"message":"User Exists","code":"USEREXISTS"}}
2019-04-26T09:06:58.914Z info: "Incoming Request : /v1/signin"
2019-04-26T09:07:13.549Z info: "Incoming Request : /v1/users/a1640220-6802-11e9-8e1a-bd176bf67daa"
2019-04-26T09:07:16.420Z info: "Incoming Request : /v1/signin"
2019-04-26T09:08:09.529Z info: "Server Started on 7836"
2019-04-26T09:08:09.541Z info: "Server Started on 7836"
2019-04-26T09:08:09.542Z info: "Server Started on 7836"
2019-04-26T09:08:09.563Z info: "Server Started on 7836"
2019-04-26T09:08:12.601Z info: "Incoming Request : /v1/users/a1640220-6802-11e9-8e1a-bd176bf67daa"
2019-04-26T09:08:14.428Z info: "Incoming Request : /v1/signin"
2019-04-26T09:08:39.600Z info: "Incoming Request : /v1/signup"
2019-04-26T09:08:58.349Z info: "Incoming Request : /v1/signin"
2019-04-26T09:09:06.308Z info: "Incoming Request : /v1/users/e1a21570-6802-11e9-935c-855a9a513e79"
2019-04-26T09:09:09.267Z info: "Incoming Request : /v1/signin"
2019-04-26T09:10:22.746Z info: "Incoming Request : /v1/signin"
2019-04-26T09:12:07.321Z info: "Server Started on 7836"
2019-04-26T09:12:07.324Z info: "Server Started on 7836"
2019-04-26T09:12:07.328Z info: "Server Started on 7836"
2019-04-26T09:12:07.321Z info: "Server Started on 7836"
2019-04-26T09:12:45.157Z info: "Server Started on 7836"
2019-04-26T09:12:45.156Z info: "Server Started on 7836"
2019-04-26T09:12:45.196Z info: "Server Started on 7836"
2019-04-26T09:12:45.297Z info: "Server Started on 7836"
2019-04-26T09:12:46.309Z info: "Incoming Request : /v1/signin"
2019-04-26T09:13:29.806Z info: "Incoming Request : /v1/signin"
2019-04-26T09:13:47.577Z info: "Incoming Request : /v1/follow/e1a21570-6802-11e9-935c-855a9a513e79"
2019-04-26T09:13:47.578Z error: "This API does not Exist : GET /v1/follow/e1a21570-6802-11e9-935c-855a9a513e79"
2019-04-26T09:13:51.827Z info: "Incoming Request : /v1/follow/e1a21570-6802-11e9-935c-855a9a513e79"
2019-04-26T09:13:51.830Z error: {"result":"failure","response":{"message":"Invalid Token","code":"TOKENERROR"}}
2019-04-26T09:13:59.358Z info: "Incoming Request : /v1/follow/e1a21570-6802-11e9-935c-855a9a513e79"
2019-04-26T09:13:59.371Z error: {"result":"failure","response":{"message":"Cannot find module '../models/followmodel'","code":"MODULE_NOT_FOUND"}}
2019-04-26T09:16:10.837Z info: "Server Started on 7836"
2019-04-26T09:16:10.840Z info: "Server Started on 7836"
2019-04-26T09:16:10.890Z info: "Server Started on 7836"
2019-04-26T09:16:10.921Z info: "Server Started on 7836"
2019-04-26T09:16:15.599Z info: "Incoming Request : /v1/follow/e1a21570-6802-11e9-935c-855a9a513e79"
2019-04-26T09:18:11.117Z info: "Incoming Request : /v1/unfollow/e1a21570-6802-11e9-935c-855a9a513e79"
2019-04-26T09:20:43.923Z info: "Incoming Request : /v1/unfollow/e1a21570-6802-11e9-935c-855a9a513e79"
2019-04-26T09:20:43.945Z error: {"result":"failure","response":{"message":"You are not following this user","code":"FOLLOWERROR"}}
2019-04-26T09:21:37.153Z info: "Incoming Request : /v1/follow/e1a21570-6802-11e9-935c-855a9a513e79"
2019-04-26T09:21:38.786Z info: "Incoming Request : /v1/follow/e1a21570-6802-11e9-935c-855a9a513e79"
2019-04-26T09:21:38.807Z error: {"result":"failure","response":{"message":"You are already following this user","code":"FOLLOWERROR"}}
2019-04-26T09:24:46.794Z info: "Incoming Request : /v1/signup"
2019-04-26T09:25:02.956Z info: "Incoming Request : /v1/signin"
2019-04-26T09:25:13.865Z info: "Incoming Request : /v1/follow/221cf8c0-6805-11e9-b14f-67ed4350d048"
2019-04-26T09:25:32.171Z info: "Incoming Request : /v1/follow/221cf8c0-6805-11e9-b14f-67ed4350d0482"
2019-04-26T09:25:32.195Z error: {"result":"failure","response":{"message":"Object Not Found","code":"NOTFOUND"}}
2019-04-26T09:25:39.565Z info: "Incoming Request : /v1/follow/221cf8c0-6805-11e9-b14f-67ed4350d048"
2019-04-26T09:25:39.588Z error: {"result":"failure","response":{"message":"You are already following this user","code":"FOLLOWERROR"}}
2019-04-26T09:34:22.611Z info: "Server Started on 7836"
2019-04-26T09:34:22.607Z info: "Server Started on 7836"
2019-04-26T09:34:22.607Z info: "Server Started on 7836"
2019-04-26T09:34:22.607Z info: "Server Started on 7836"
2019-04-26T09:35:01.446Z info: "Incoming Request : /v1/signin"
2019-04-26T09:35:01.515Z error: {"result":"failure","response":{"message":"Invalid Credentials","code":"SIGNINERROR"}}
2019-04-26T09:35:05.278Z info: "Incoming Request : /v1/signin"
2019-04-26T09:35:18.075Z info: "Incoming Request : /v1/users/221cf8c0-6805-11e9-b14f-67ed4350d048/followers"
2019-04-26T09:35:18.076Z error: "This API does not Exist : POST /v1/users/221cf8c0-6805-11e9-b14f-67ed4350d048/followers"
2019-04-26T09:35:22.547Z info: "Incoming Request : /v1/users/221cf8c0-6805-11e9-b14f-67ed4350d048/followers"
2019-04-26T09:38:00.772Z info: "Incoming Request : /v1/users/a1640220-6802-11e9-8e1a-bd176bf67daa/followers"
2019-04-26T09:38:59.953Z info: "Server Started on 7836"
2019-04-26T09:38:59.966Z info: "Server Started on 7836"
2019-04-26T09:38:59.979Z info: "Server Started on 7836"
2019-04-26T09:39:00.078Z info: "Server Started on 7836"
2019-04-26T09:39:31.717Z info: "Server Started on 7836"
2019-04-26T09:39:31.749Z info: "Server Started on 7836"
2019-04-26T09:39:31.787Z info: "Server Started on 7836"
2019-04-26T09:39:31.839Z info: "Server Started on 7836"
2019-04-26T09:39:32.910Z info: "Incoming Request : /v1/users/a1640220-6802-11e9-8e1a-bd176bf67daa/followings"
2019-04-26T09:39:32.911Z error: "This API does not Exist : GET /v1/users/a1640220-6802-11e9-8e1a-bd176bf67daa/followings"
2019-04-26T09:39:35.459Z info: "Incoming Request : /v1/users/a1640220-6802-11e9-8e1a-bd176bf67daa/following"
2019-04-26T09:39:55.974Z info: "Server Started on 7836"
2019-04-26T09:39:56.105Z info: "Server Started on 7836"
2019-04-26T09:39:56.115Z info: "Server Started on 7836"
2019-04-26T09:39:56.139Z info: "Server Started on 7836"
2019-04-26T09:39:58.511Z info: "Incoming Request : /v1/users/a1640220-6802-11e9-8e1a-bd176bf67daa/following"
2019-04-26T09:41:04.597Z info: "Server Started on 7836"
2019-04-26T09:41:04.602Z info: "Server Started on 7836"
2019-04-26T09:41:04.596Z info: "Server Started on 7836"
2019-04-26T09:41:04.628Z info: "Server Started on 7836"
2019-04-26T09:41:07.333Z info: "Incoming Request : /v1/users/a1640220-6802-11e9-8e1a-bd176bf67daa/following"
2019-04-26T09:44:01.564Z info: "Server Started on 7836"
2019-04-26T09:44:01.573Z info: "Server Started on 7836"
2019-04-26T09:44:01.574Z info: "Server Started on 7836"
2019-04-26T09:44:01.669Z info: "Server Started on 7836"
2019-04-26T09:44:16.587Z info: "Incoming Request : /v1/follow/221cf8c0-6805-11e9-b14f-67ed4350d048"
2019-04-26T09:44:16.681Z error: {"result":"failure","response":{"message":"You are already following this user","code":"FOLLOWERROR"}}
2019-04-26T10:53:44.089Z info: "Server Started on 7836"
2019-04-26T10:53:44.110Z info: "Server Started on 7836"
2019-04-26T10:53:44.098Z info: "Server Started on 7836"
2019-04-26T10:53:44.105Z info: "Server Started on 7836"
2019-04-26T10:54:43.160Z info: "Incoming Request : /v1/signin"
2019-04-26T10:54:57.713Z info: "Incoming Request : /v1/follow/a1640220-6802-11e9-8e1a-bd176bf67daa"
2019-04-26T10:55:39.825Z info: "Incoming Request : /v1/unfollow/a1640220-6802-11e9-8e1a-bd176bf67daa"
2019-04-26T10:56:13.278Z info: "Server Started on 7836"
2019-04-26T10:56:13.278Z info: "Server Started on 7836"
2019-04-26T10:56:13.278Z info: "Server Started on 7836"
2019-04-26T10:56:13.282Z info: "Server Started on 7836"
2019-04-26T10:56:17.009Z info: "Incoming Request : /v1/follow/a1640220-6802-11e9-8e1a-bd176bf67daa"
2019-04-26T10:57:22.372Z info: "Server Started on 7836"
2019-04-26T10:57:22.371Z info: "Server Started on 7836"
2019-04-26T10:57:22.372Z info: "Server Started on 7836"
2019-04-26T10:57:22.380Z info: "Server Started on 7836"
2019-04-26T10:57:27.650Z info: "Incoming Request : /v1/follow/a1640220-6802-11e9-8e1a-bd176bf67daa"
2019-04-26T10:57:27.746Z error: {"result":"failure","response":{"message":"You are already following this user","code":"FOLLOWERROR"}}
2019-04-26T10:57:47.193Z info: "Incoming Request : /v1/unfollow/a1640220-6802-11e9-8e1a-bd176bf67daa"
2019-04-26T10:57:47.326Z error: {"result":"failure","response":{"message":"toFollow is not defined","code":"EXCEPTION"}}
2019-04-26T10:58:10.462Z info: "Server Started on 7836"
2019-04-26T10:58:10.464Z info: "Server Started on 7836"
2019-04-26T10:58:10.465Z info: "Server Started on 7836"
2019-04-26T10:58:10.463Z info: "Server Started on 7836"
2019-04-26T10:58:13.161Z info: "Incoming Request : /v1/unfollow/a1640220-6802-11e9-8e1a-bd176bf67daa"
2019-04-26T10:58:13.256Z error: {"result":"failure","response":{"message":"You are not following this user","code":"FOLLOWERROR"}}
2019-04-26T10:58:58.079Z info: "Incoming Request : /v1/follow/a1640220-6802-11e9-8e1a-bd176bf67daa"
2019-04-26T10:58:58.192Z error: {"result":"failure","response":{"message":"toFollow is not defined","code":"EXCEPTION"}}
2019-04-26T10:59:41.944Z info: "Server Started on 7836"
2019-04-26T10:59:41.947Z info: "Server Started on 7836"
2019-04-26T10:59:41.980Z info: "Server Started on 7836"
2019-04-26T10:59:41.992Z info: "Server Started on 7836"
2019-04-26T11:01:38.179Z info: "Incoming Request : /v1/follow/a1640220-6802-11e9-8e1a-bd176bf67daa"
2019-04-26T11:02:24.529Z info: "Incoming Request : /v1/unfollow/a1640220-6802-11e9-8e1a-bd176bf67daa"
2019-04-26T11:03:11.825Z info: "Incoming Request : /v1/follow/a1640220-6802-11e9-8e1a-bd176bf67daa"
2019-04-26T11:03:17.851Z info: "Incoming Request : /v1/users/a1640220-6802-11e9-8e1a-bd176bf67daa/following"
2019-04-26T11:03:27.514Z info: "Incoming Request : /v1/users/a1640220-6802-11e9-8e1a-bd176bf67daa/followers"
2019-04-26T11:04:43.253Z info: "Server Started on 7836"
2019-04-26T11:04:43.253Z info: "Server Started on 7836"
2019-04-26T11:04:43.253Z info: "Server Started on 7836"
2019-04-26T11:04:43.259Z info: "Server Started on 7836"
2019-04-26T11:04:54.491Z info: "Incoming Request : /v1/users/a1640220-6802-11e9-8e1a-bd176bf67daa/followers"
2019-04-26T11:05:08.550Z info: "Incoming Request : /v1/users/a1640220-6802-11e9-8e1a-bd176bf67daa/following"
2019-04-26T11:13:23.166Z info: "Server Started on 7836"
2019-04-26T11:13:23.169Z info: "Server Started on 7836"
2019-04-26T11:13:23.179Z info: "Server Started on 7836"
2019-04-26T11:13:23.174Z info: "Server Started on 7836"
2019-04-26T11:17:08.828Z info: "Incoming Request : /v1/signup"
2019-04-26T11:17:32.844Z info: "Incoming Request : /v1/signin"
2019-04-26T21:27:36.808Z info: "Server Started on 7836"
2019-04-26T21:27:36.824Z info: "Server Started on 7836"
2019-04-26T21:27:36.830Z info: "Server Started on 7836"
2019-04-26T21:27:36.951Z info: "Server Started on 7836"
2019-04-26T21:27:42.855Z info: "Incoming Request : /v1/users/a1640220-6802-11e9-8e1a-bd176bf67daa/followers"
2019-04-26T21:27:47.318Z info: "Incoming Request : /v1/users/a1640220-6802-11e9-8e1a-bd176bf67daa/following"
2019-04-26T21:29:42.357Z info: "Incoming Request : /v1/users/a1640220-6802-11e9-8e1a-bd176bf67daa/followers"
2019-04-26T21:44:12.190Z info: "Server Started on 7836"
2019-04-26T21:44:12.189Z info: "Server Started on 7836"
2019-04-26T21:44:12.224Z info: "Server Started on 7836"
2019-04-26T21:44:12.240Z info: "Server Started on 7836"
2019-04-26T21:44:35.601Z info: "Incoming Request : /v1/users/a1640220-6802-11e9-8e1a-bd176bf67daa/image"
2019-04-26T21:44:51.141Z info: "Incoming Request : /v1/users/a1640220-6802-11e9-8e1a-bd176bf67daa/image"
2019-04-26T21:44:51.366Z info: "Incoming Request : /favicon.ico"
2019-04-26T21:44:51.367Z error: "This API does not Exist : GET /favicon.ico"
2019-04-26T21:46:36.184Z info: "Server Started on 7836"
2019-04-26T21:46:36.200Z info: "Server Started on 7836"
2019-04-26T21:46:36.185Z info: "Server Started on 7836"
2019-04-26T21:46:36.234Z info: "Server Started on 7836"
2019-04-26T21:51:03.242Z info: "Incoming Request : /v1/users/userid/image"
2019-04-26T21:51:03.294Z error: {"result":"failure","response":{"message":"Object Not Found","code":"NOTFOUND"}}
2019-04-26T21:51:18.733Z info: "Server Started on 7836"
2019-04-26T21:51:18.744Z info: "Server Started on 7836"
2019-04-26T21:51:18.776Z info: "Server Started on 7836"
2019-04-26T21:51:18.790Z info: "Server Started on 7836"
2019-04-26T21:51:21.135Z info: "Incoming Request : /v1/users/userid/image"
2019-04-26T21:51:21.190Z error: {"result":"failure","response":{"message":"Object Not Found","code":"NOTFOUND"}}
2019-04-26T21:52:03.489Z info: "Server Started on 7836"
2019-04-26T21:52:03.497Z info: "Server Started on 7836"
2019-04-26T21:52:03.501Z info: "Server Started on 7836"
2019-04-26T21:52:03.595Z info: "Server Started on 7836"
2019-04-26T21:52:05.430Z info: "Incoming Request : /v1/users/userid/image"
2019-04-26T21:53:39.108Z info: "Incoming Request : /v1/users/userid/image"
2019-04-26T23:52:40.830Z error: "conversationservice is not defined"
2019-04-26T23:52:40.828Z error: "conversationservice is not defined"
2019-04-26T23:52:40.830Z error: "conversationservice is not defined"
2019-04-26T23:52:40.830Z error: "conversationservice is not defined"
2019-04-26T23:52:45.186Z error: "conversationservice is not defined"
2019-04-26T23:52:45.207Z error: "conversationservice is not defined"
2019-04-26T23:52:45.295Z error: "conversationservice is not defined"
2019-04-26T23:52:45.363Z error: "conversationservice is not defined"
2019-04-26T23:52:49.334Z error: "conversationservice is not defined"
2019-04-26T23:52:49.366Z error: "conversationservice is not defined"
2019-04-26T23:52:49.490Z error: "conversationservice is not defined"
2019-04-26T23:52:49.565Z error: "conversationservice is not defined"
2019-04-26T23:52:53.747Z error: "conversationservice is not defined"
2019-04-26T23:52:53.789Z error: "conversationservice is not defined"
2019-04-26T23:52:54.022Z error: "conversationservice is not defined"
2019-04-26T23:52:54.072Z error: "conversationservice is not defined"
2019-04-26T23:52:57.693Z error: "conversationservice is not defined"
2019-04-26T23:52:57.690Z error: "conversationservice is not defined"
2019-04-26T23:52:57.689Z error: "conversationservice is not defined"
2019-04-26T23:52:57.736Z error: "conversationservice is not defined"
2019-04-26T23:53:02.154Z info: "Server Started on 7836"
2019-04-26T23:53:02.153Z info: "Server Started on 7836"
2019-04-26T23:53:02.160Z info: "Server Started on 7836"
2019-04-26T23:53:02.312Z info: "Server Started on 7836"
2019-04-26T23:54:25.376Z info: "Server Started on 7836"
2019-04-26T23:54:25.400Z info: "Server Started on 7836"
2019-04-26T23:54:25.394Z info: "Server Started on 7836"
2019-04-26T23:54:25.444Z info: "Server Started on 7836"
2019-04-26T23:56:15.880Z info: "Incoming Request : /v1/conversations/message"
2019-04-26T23:56:15.966Z error: {"result":"failure","response":{"message":"Invalid Request","code":"INVREQUEST"}}
2019-04-26T23:57:05.502Z info: "Incoming Request : /v1/signin"
2019-04-26T23:58:08.973Z info: "Incoming Request : /v1/conversations/message"
2019-04-26T23:59:40.416Z info: "Incoming Request : /v1/conversations/message"
2019-04-26T23:59:40.444Z error: {"result":"failure","response":{"message":"conversationModel.udpate is not a function","code":"EXCEPTION"}}
2019-04-27T00:00:17.211Z info: "Server Started on 7836"
2019-04-27T00:00:17.218Z info: "Server Started on 7836"
2019-04-27T00:00:17.210Z info: "Server Started on 7836"
2019-04-27T00:00:17.210Z info: "Server Started on 7836"
2019-04-27T00:00:36.142Z info: "Incoming Request : /v1/conversations/message"
2019-04-27T00:04:41.528Z info: "Incoming Request : /v1/users/a1640220-6802-11e9-8e1a-bd176bf67daa/image"
2019-04-27T00:31:06.172Z info: "Server Started on 7836"
2019-04-27T00:31:06.180Z info: "Server Started on 7836"
2019-04-27T00:31:06.172Z info: "Server Started on 7836"
2019-04-27T00:31:06.172Z info: "Server Started on 7836"
2019-04-27T00:32:10.909Z info: "Incoming Request : /v1/signin"
2019-04-27T00:32:49.639Z info: "Incoming Request : /v1/conversations/message"
2019-04-27T00:33:49.006Z info: "Incoming Request : /v1/conversations/24427060-687f-11e9-820f-d16c50b9ab48"
2019-04-27T00:33:49.012Z error: {"result":"failure","response":{"message":"Invalid Token","code":"TOKENERROR"}}
2019-04-27T00:34:00.685Z info: "Incoming Request : /v1/conversations/24427060-687f-11e9-820f-d16c50b9ab48"
2019-04-27T00:34:00.723Z error: {"result":"failure","response":{"message":"Object Not Found","code":"NOTFOUND"}}
2019-04-27T00:34:50.171Z info: "Server Started on 7836"
2019-04-27T00:34:50.171Z info: "Server Started on 7836"
2019-04-27T00:34:50.171Z info: "Server Started on 7836"
2019-04-27T00:34:50.176Z info: "Server Started on 7836"
2019-04-27T00:34:53.306Z info: "Incoming Request : /v1/conversations/24427060-687f-11e9-820f-d16c50b9ab48"
2019-04-27T00:34:53.412Z error: {"result":"failure","response":{"message":"Object Not Found","code":"NOTFOUND"}}
2019-04-27T00:35:31.433Z info: "Server Started on 7836"
2019-04-27T00:35:31.444Z info: "Server Started on 7836"
2019-04-27T00:35:31.484Z info: "Server Started on 7836"
2019-04-27T00:35:31.509Z info: "Server Started on 7836"
2019-04-27T00:35:34.794Z info: "Incoming Request : /v1/conversations/24427060-687f-11e9-820f-d16c50b9ab48"
2019-04-27T00:35:34.983Z error: {"result":"failure","response":{"message":"Object Not Found","code":"NOTFOUND"}}
2019-04-27T00:36:18.986Z info: "Server Started on 7836"
2019-04-27T00:36:18.993Z info: "Server Started on 7836"
2019-04-27T00:36:19.042Z info: "Server Started on 7836"
2019-04-27T00:36:19.093Z info: "Server Started on 7836"
2019-04-27T00:36:22.034Z info: "Incoming Request : /v1/conversations/24427060-687f-11e9-820f-d16c50b9ab48"
2019-04-27T00:37:01.913Z info: "Server Started on 7836"
2019-04-27T00:37:01.940Z info: "Server Started on 7836"
2019-04-27T00:37:01.945Z info: "Server Started on 7836"
2019-04-27T00:37:01.998Z info: "Server Started on 7836"
2019-04-27T00:37:04.677Z info: "Incoming Request : /v1/conversations/24427060-687f-11e9-820f-d16c50b9ab48"
2019-04-27T00:37:43.691Z info: "Server Started on 7836"
2019-04-27T00:37:43.728Z info: "Server Started on 7836"
2019-04-27T00:37:43.710Z info: "Server Started on 7836"
2019-04-27T00:37:43.734Z info: "Server Started on 7836"
2019-04-27T00:37:46.003Z info: "Incoming Request : /v1/conversations/24427060-687f-11e9-820f-d16c50b9ab48"
2019-04-27T00:38:40.133Z info: "Server Started on 7836"
2019-04-27T00:38:40.173Z info: "Server Started on 7836"
2019-04-27T00:38:40.350Z info: "Server Started on 7836"
2019-04-27T00:38:40.411Z info: "Server Started on 7836"
2019-04-27T00:38:40.626Z info: "Incoming Request : /v1/conversations/24427060-687f-11e9-820f-d16c50b9ab48"
2019-04-27T00:40:22.626Z info: "Server Started on 7836"
2019-04-27T00:40:22.662Z info: "Server Started on 7836"
2019-04-27T00:40:22.642Z info: "Server Started on 7836"
2019-04-27T00:40:22.702Z info: "Server Started on 7836"
2019-04-27T00:40:25.012Z info: "Incoming Request : /v1/conversations/24427060-687f-11e9-820f-d16c50b9ab48"
2019-04-27T00:41:36.807Z info: "Server Started on 7836"
2019-04-27T00:41:36.840Z info: "Server Started on 7836"
2019-04-27T00:41:36.894Z info: "Server Started on 7836"
2019-04-27T00:41:36.956Z info: "Server Started on 7836"
2019-04-27T00:41:40.690Z info: "Incoming Request : /v1/conversations/24427060-687f-11e9-820f-d16c50b9ab48"
2019-04-27T00:42:15.518Z info: "Server Started on 7836"
2019-04-27T00:42:15.522Z info: "Server Started on 7836"
2019-04-27T00:42:15.515Z info: "Server Started on 7836"
2019-04-27T00:42:15.570Z info: "Server Started on 7836"
2019-04-27T00:42:17.824Z info: "Incoming Request : /v1/conversations/24427060-687f-11e9-820f-d16c50b9ab48"
2019-04-27T00:44:26.688Z info: "Server Started on 7836"
2019-04-27T00:44:26.699Z info: "Server Started on 7836"
2019-04-27T00:44:26.753Z info: "Server Started on 7836"
2019-04-27T00:44:26.697Z info: "Server Started on 7836"
2019-04-27T00:44:29.525Z info: "Incoming Request : /v1/conversations/24427060-687f-11e9-820f-d16c50b9ab48"
2019-04-27T00:45:17.096Z info: "Server Started on 7836"
2019-04-27T00:45:17.094Z info: "Server Started on 7836"
2019-04-27T00:45:17.102Z info: "Server Started on 7836"
2019-04-27T00:45:17.255Z info: "Server Started on 7836"
2019-04-27T00:45:18.839Z info: "Incoming Request : /v1/conversations/24427060-687f-11e9-820f-d16c50b9ab48"
2019-04-27T00:46:03.239Z info: "Server Started on 7836"
2019-04-27T00:46:03.268Z info: "Server Started on 7836"
2019-04-27T00:46:03.276Z info: "Server Started on 7836"
2019-04-27T00:46:03.332Z info: "Server Started on 7836"
2019-04-27T00:46:07.359Z info: "Incoming Request : /v1/conversations/24427060-687f-11e9-820f-d16c50b9ab48"
2019-04-27T00:48:53.803Z info: "Server Started on 7836"
2019-04-27T00:48:53.823Z info: "Server Started on 7836"
2019-04-27T00:48:53.821Z info: "Server Started on 7836"
2019-04-27T00:48:53.838Z info: "Server Started on 7836"
2019-04-27T00:48:57.056Z info: "Incoming Request : /v1/conversations/24427060-687f-11e9-820f-d16c50b9ab48"
2019-04-27T00:49:28.454Z info: "Server Started on 7836"
2019-04-27T00:49:28.455Z info: "Server Started on 7836"
2019-04-27T00:49:28.473Z info: "Server Started on 7836"
2019-04-27T00:49:28.473Z info: "Server Started on 7836"
2019-04-27T00:49:30.583Z info: "Incoming Request : /v1/conversations/24427060-687f-11e9-820f-d16c50b9ab48"
2019-04-27T00:50:15.445Z info: "Server Started on 7836"
2019-04-27T00:50:15.486Z info: "Server Started on 7836"
2019-04-27T00:50:15.519Z info: "Server Started on 7836"
2019-04-27T00:50:15.540Z info: "Server Started on 7836"
2019-04-27T00:50:18.722Z info: "Incoming Request : /v1/conversations/24427060-687f-11e9-820f-d16c50b9ab48"
2019-04-27T00:52:23.617Z info: "Server Started on 7836"
2019-04-27T00:52:23.619Z info: "Server Started on 7836"
2019-04-27T00:52:23.618Z info: "Server Started on 7836"
2019-04-27T00:52:23.750Z info: "Server Started on 7836"
2019-04-27T00:52:26.067Z info: "Incoming Request : /v1/conversations/24427060-687f-11e9-820f-d16c50b9ab48"
2019-04-27T00:52:39.190Z info: "Server Started on 7836"
2019-04-27T00:52:39.211Z info: "Server Started on 7836"
2019-04-27T00:52:39.212Z info: "Server Started on 7836"
2019-04-27T00:52:39.247Z info: "Server Started on 7836"
2019-04-27T00:52:42.054Z info: "Incoming Request : /v1/conversations/24427060-687f-11e9-820f-d16c50b9ab48"
2019-04-27T00:53:23.264Z info: "Server Started on 7836"
2019-04-27T00:53:23.282Z info: "Server Started on 7836"
2019-04-27T00:53:23.365Z info: "Server Started on 7836"
2019-04-27T00:53:23.431Z info: "Server Started on 7836"
2019-04-27T00:53:26.402Z info: "Incoming Request : /v1/conversations/24427060-687f-11e9-820f-d16c50b9ab48"
2019-04-27T00:54:08.765Z info: "Server Started on 7836"
2019-04-27T00:54:08.791Z info: "Server Started on 7836"
2019-04-27T00:54:08.794Z info: "Server Started on 7836"
2019-04-27T00:54:08.832Z info: "Server Started on 7836"
2019-04-27T00:54:11.310Z info: "Incoming Request : /v1/conversations/24427060-687f-11e9-820f-d16c50b9ab48"
2019-04-27T00:54:34.744Z info: "Server Started on 7836"
2019-04-27T00:54:34.752Z info: "Server Started on 7836"
2019-04-27T00:54:34.751Z info: "Server Started on 7836"
2019-04-27T00:54:34.824Z info: "Server Started on 7836"
2019-04-27T00:54:37.256Z info: "Incoming Request : /v1/conversations/24427060-687f-11e9-820f-d16c50b9ab48"
2019-04-27T00:55:17.502Z info: "Server Started on 7836"
2019-04-27T00:55:17.556Z info: "Server Started on 7836"
2019-04-27T00:55:17.555Z info: "Server Started on 7836"
2019-04-27T00:55:17.657Z info: "Server Started on 7836"
2019-04-27T00:55:19.714Z info: "Incoming Request : /v1/conversations/24427060-687f-11e9-820f-d16c50b9ab48"
2019-04-27T00:55:52.864Z info: "Server Started on 7836"
2019-04-27T00:55:52.866Z info: "Server Started on 7836"
2019-04-27T00:55:52.877Z info: "Server Started on 7836"
2019-04-27T00:55:52.907Z info: "Server Started on 7836"
2019-04-27T00:55:55.672Z info: "Incoming Request : /v1/conversations/24427060-687f-11e9-820f-d16c50b9ab48"
2019-04-27T00:57:05.047Z info: "Server Started on 7836"
2019-04-27T00:57:05.051Z info: "Server Started on 7836"
2019-04-27T00:57:05.062Z info: "Server Started on 7836"
2019-04-27T00:57:05.133Z info: "Server Started on 7836"
2019-04-27T00:57:07.096Z info: "Incoming Request : /v1/conversations/24427060-687f-11e9-820f-d16c50b9ab48"
2019-04-27T00:58:23.401Z info: "Server Started on 7836"
2019-04-27T00:58:23.380Z info: "Server Started on 7836"
2019-04-27T00:58:23.489Z info: "Server Started on 7836"
2019-04-27T00:58:23.580Z info: "Server Started on 7836"
2019-04-27T00:58:26.741Z info: "Incoming Request : /v1/conversations/24427060-687f-11e9-820f-d16c50b9ab48"
2019-04-27T00:58:26.835Z error: {"result":"failure","response":{"message":"obj._doc is not iterable","code":"EXCEPTION"}}
2019-04-27T00:59:26.404Z info: "Incoming Request : /v1/conversations/24427060-687f-11e9-820f-d16c50b9ab48"
2019-04-27T00:59:26.505Z error: {"result":"failure","response":{"message":"obj._doc is not iterable","code":"EXCEPTION"}}
2019-04-27T00:59:35.287Z info: "Server Started on 7836"
2019-04-27T00:59:35.294Z info: "Server Started on 7836"
2019-04-27T00:59:35.286Z info: "Server Started on 7836"
2019-04-27T00:59:35.297Z info: "Server Started on 7836"
2019-04-27T00:59:42.356Z info: "Incoming Request : /v1/conversations/24427060-687f-11e9-820f-d16c50b9ab48"
2019-04-27T01:00:08.498Z info: "Incoming Request : /v1/conversations/24427060-687f-11e9-820f-d16c50b9ab48"
2019-04-27T01:07:27.215Z info: "Incoming Request : /v1/signup"
2019-04-27T01:07:27.245Z info: "Incoming Request : /v1/signup"
2019-04-27T01:07:33.146Z info: "Incoming Request : /v1/signup"
2019-04-27T01:07:33.235Z info: "Incoming Request : /v1/signup"
2019-04-27T01:07:33.274Z error: {"result":"failure","response":{"message":"User Exists","code":"USEREXISTS"}}
2019-04-27T01:08:05.715Z info: "Incoming Request : /v1/signup"
2019-04-27T01:08:05.749Z info: "Incoming Request : /v1/signup"
2019-04-27T01:08:05.803Z error: {"result":"failure","response":{"message":"User Exists","code":"USEREXISTS"}}
2019-04-27T01:08:32.129Z info: "Incoming Request : /v1/signup"
2019-04-27T01:08:32.161Z info: "Incoming Request : /v1/signup"
2019-04-27T01:08:32.175Z error: {"result":"failure","response":{"message":"User Exists","code":"USEREXISTS"}}
2019-04-27T01:11:19.360Z info: "Incoming Request : /v1/signup"
2019-04-27T01:11:19.373Z info: "Incoming Request : /v1/signup"
2019-04-27T01:11:19.385Z error: {"result":"failure","response":{"message":"User Exists","code":"USEREXISTS"}}
2019-04-27T01:12:24.213Z info: "Incoming Request : /v1/signup"
2019-04-27T01:12:24.231Z info: "Incoming Request : /v1/signup"
2019-04-27T01:12:24.241Z error: {"result":"failure","response":{"message":"User Exists","code":"USEREXISTS"}}
2019-04-27T01:13:26.234Z info: "Incoming Request : /v1/signup"
2019-04-27T01:13:26.243Z info: "Incoming Request : /v1/signup"
2019-04-27T01:13:26.253Z error: {"result":"failure","response":{"message":"User Exists","code":"USEREXISTS"}}
2019-04-27T01:13:43.644Z info: "Incoming Request : /v1/signup"
2019-04-27T01:13:43.651Z info: "Incoming Request : /v1/signup"
2019-04-27T01:13:43.660Z error: {"result":"failure","response":{"message":"User Exists","code":"USEREXISTS"}}
2019-04-27T01:15:20.614Z info: "Incoming Request : /v1/signup"
2019-04-27T01:15:20.623Z info: "Incoming Request : /v1/signup"
2019-04-27T01:15:20.633Z error: {"result":"failure","response":{"message":"User Exists","code":"USEREXISTS"}}
2019-04-27T01:15:38.043Z info: "Incoming Request : /v1/signup"
2019-04-27T01:15:38.060Z info: "Incoming Request : /v1/signup"
2019-04-27T01:15:38.069Z error: {"result":"failure","response":{"message":"User Exists","code":"USEREXISTS"}}
2019-04-27T01:15:53.591Z info: "Incoming Request : /v1/signup"
2019-04-27T01:15:53.609Z info: "Incoming Request : /v1/signup"
2019-04-27T01:15:53.618Z error: {"result":"failure","response":{"message":"User Exists","code":"USEREXISTS"}}
2019-04-27T01:16:31.476Z info: "Incoming Request : /v1/signup"
2019-04-27T01:16:31.483Z info: "Incoming Request : /v1/signup"
2019-04-27T01:16:31.492Z error: {"result":"failure","response":{"message":"User Exists","code":"USEREXISTS"}}
2019-04-27T01:18:51.458Z info: "Incoming Request : /v1/signin"
2019-04-27T01:18:51.484Z info: "Incoming Request : /v1/signin"
2019-04-27T01:18:51.489Z error: {"result":"failure","response":{"message":"Invalid Credentials","code":"SIGNINERROR"}}
2019-04-27T01:20:41.437Z info: "Incoming Request : /v1/signin"
2019-04-27T01:20:41.448Z info: "Incoming Request : /v1/signin"
2019-04-27T01:23:48.418Z info: "Incoming Request : /v1/signin"
2019-04-27T01:23:48.441Z info: "Incoming Request : /v1/signin"
2019-04-27T01:23:57.043Z info: "Server Started on 7836"
2019-04-27T01:23:57.043Z info: "Server Started on 7836"
2019-04-27T01:23:57.048Z info: "Server Started on 7836"
2019-04-27T01:23:57.049Z info: "Server Started on 7836"
2019-04-27T01:23:59.902Z info: "Incoming Request : /v1/signin"
2019-04-27T01:23:59.954Z info: "Incoming Request : /v1/signin"
2019-04-27T01:24:00.017Z error: {"result":"failure","response":{"message":"Invalid Credentials","code":"SIGNINERROR"}}
2019-04-27T01:24:07.760Z info: "Incoming Request : /v1/conversations/24427060-687f-11e9-820f-d16c50b9ab48"
2019-04-27T01:24:12.768Z info: "Incoming Request : /v1/conversations"
2019-04-27T01:24:29.453Z info: "Incoming Request : /v1/conversations"
2019-04-27T01:25:25.702Z info: "Incoming Request : /v1/signin"
2019-04-27T01:25:25.762Z info: "Incoming Request : /v1/signin"
2019-04-27T01:25:30.081Z info: "Server Started on 7836"
2019-04-27T01:25:30.087Z info: "Server Started on 7836"
2019-04-27T01:25:30.082Z info: "Server Started on 7836"
2019-04-27T01:25:30.092Z info: "Server Started on 7836"
2019-04-27T01:25:32.423Z info: "Incoming Request : /v1/conversations"
2019-04-27T01:25:59.599Z info: "Incoming Request : /v1/signin"
2019-04-27T01:25:59.639Z info: "Incoming Request : /v1/signin"
2019-04-27T01:26:40.455Z info: "Incoming Request : /v1/signin"
2019-04-27T01:26:40.486Z info: "Incoming Request : /v1/signin"
2019-04-27T01:26:51.334Z info: "Server Started on 7836"
2019-04-27T01:26:51.396Z info: "Server Started on 7836"
2019-04-27T01:26:51.404Z info: "Server Started on 7836"
2019-04-27T01:26:51.409Z info: "Server Started on 7836"
2019-04-27T01:26:53.358Z info: "Incoming Request : /v1/conversations"
2019-04-27T01:27:09.233Z info: "Incoming Request : /v1/signin"
2019-04-27T01:27:09.270Z info: "Incoming Request : /v1/signin"
2019-04-27T01:27:18.132Z info: "Server Started on 7836"
2019-04-27T01:27:18.166Z info: "Server Started on 7836"
2019-04-27T01:27:18.175Z info: "Server Started on 7836"
2019-04-27T01:27:18.185Z info: "Server Started on 7836"
2019-04-27T01:27:20.999Z info: "Incoming Request : /v1/conversations"
2019-04-27T01:27:39.848Z info: "Incoming Request : /v1/signin"
2019-04-27T01:27:39.890Z info: "Incoming Request : /v1/signin"
2019-04-27T01:28:03.506Z info: "Incoming Request : /v1/signin"
2019-04-27T01:28:03.556Z info: "Incoming Request : /v1/signin"
2019-04-27T01:28:16.210Z info: "Server Started on 7836"
2019-04-27T01:28:16.208Z info: "Server Started on 7836"
2019-04-27T01:28:16.216Z info: "Server Started on 7836"
2019-04-27T01:28:16.208Z info: "Server Started on 7836"
2019-04-27T01:28:18.173Z info: "Incoming Request : /v1/conversations"
2019-04-27T01:28:30.238Z info: "Incoming Request : /v1/signin"
2019-04-27T01:28:30.269Z info: "Incoming Request : /v1/signin"
2019-04-27T01:28:43.338Z info: "Server Started on 7836"
2019-04-27T01:28:43.345Z info: "Server Started on 7836"
2019-04-27T01:28:43.379Z info: "Server Started on 7836"
2019-04-27T01:28:43.397Z info: "Server Started on 7836"
2019-04-27T01:28:45.423Z info: "Incoming Request : /v1/conversations"
2019-04-27T01:28:50.249Z info: "Incoming Request : /v1/signin"
2019-04-27T01:28:50.279Z info: "Incoming Request : /v1/signin"
2019-04-27T01:29:22.854Z info: "Server Started on 7836"
2019-04-27T01:29:22.855Z info: "Server Started on 7836"
2019-04-27T01:29:22.854Z info: "Server Started on 7836"
2019-04-27T01:29:22.860Z info: "Server Started on 7836"
2019-04-27T01:29:24.906Z info: "Incoming Request : /v1/conversations"
2019-04-27T01:29:25.029Z info: "Incoming Request : /v1/signin"
2019-04-27T01:29:25.116Z info: "Incoming Request : /v1/signin"
2019-04-27T01:29:25.225Z error: {"result":"failure","response":{"message":"Invalid Credentials","code":"SIGNINERROR"}}
2019-04-27T01:29:48.561Z info: "Server Started on 7836"
2019-04-27T01:29:48.584Z info: "Server Started on 7836"
2019-04-27T01:29:48.636Z info: "Server Started on 7836"
2019-04-27T01:29:48.619Z info: "Server Started on 7836"
2019-04-27T01:29:50.773Z info: "Incoming Request : /v1/conversations"
2019-04-27T01:29:50.955Z error: {"result":"failure","response":{"message":"query.filter.split is not a function","code":"EXCEPTION"}}
2019-04-27T01:30:43.584Z info: "Server Started on 7836"
2019-04-27T01:30:43.586Z info: "Server Started on 7836"
2019-04-27T01:30:43.583Z info: "Server Started on 7836"
2019-04-27T01:30:43.662Z info: "Server Started on 7836"
2019-04-27T01:30:46.143Z info: "Incoming Request : /v1/conversations"
2019-04-27T01:30:46.247Z error: {"result":"failure","response":{"message":"(query.filter || \"\").split is not a function","code":"EXCEPTION"}}
2019-04-27T01:31:14.923Z info: "Server Started on 7836"
2019-04-27T01:31:14.930Z info: "Server Started on 7836"
2019-04-27T01:31:14.952Z info: "Server Started on 7836"
2019-04-27T01:31:14.942Z info: "Server Started on 7836"
2019-04-27T01:31:17.422Z info: "Incoming Request : /v1/conversations"
2019-04-27T01:31:41.935Z info: "Incoming Request : /v1/signin"
2019-04-27T01:31:41.980Z info: "Incoming Request : /v1/signin"
2019-04-27T01:32:04.358Z info: "Incoming Request : /v1/signin"
2019-04-27T01:32:04.394Z info: "Incoming Request : /v1/signin"
2019-04-27T01:34:31.800Z info: "Incoming Request : /v1/signin"
2019-04-27T01:34:31.832Z info: "Incoming Request : /v1/signin"
2019-04-27T01:34:55.878Z info: "Incoming Request : /v1/signin"
2019-04-27T01:34:56.016Z info: "Incoming Request : /v1/signin"
2019-04-27T01:34:56.025Z error: {"result":"failure","response":{"message":"Invalid Credentials","code":"SIGNINERROR"}}
2019-04-27T03:01:37.603Z info: "Server Started on 7836"
2019-04-27T03:01:37.599Z info: "Server Started on 7836"
2019-04-27T03:01:37.602Z info: "Server Started on 7836"
2019-04-27T03:01:37.600Z info: "Server Started on 7836"
2019-04-27T03:01:39.564Z info: "Incoming Request : /v1/conversations"
2019-04-27T03:01:39.665Z error: {"result":"failure","response":{"message":"array is not defined","code":"EXCEPTION"}}
2019-04-27T03:01:55.779Z info: "Server Started on 7836"
2019-04-27T03:01:55.779Z info: "Server Started on 7836"
2019-04-27T03:01:55.774Z info: "Server Started on 7836"
2019-04-27T03:01:55.774Z info: "Server Started on 7836"
2019-04-27T03:01:58.211Z info: "Incoming Request : /v1/conversations"
2019-04-27T03:02:25.076Z info: "Server Started on 7836"
2019-04-27T03:02:25.081Z info: "Server Started on 7836"
2019-04-27T03:02:25.077Z info: "Server Started on 7836"
2019-04-27T03:02:25.076Z info: "Server Started on 7836"
2019-04-27T03:02:27.816Z info: "Incoming Request : /v1/conversations"
2019-04-27T03:02:44.973Z info: "Server Started on 7836"
2019-04-27T03:02:44.968Z info: "Server Started on 7836"
2019-04-27T03:02:45.046Z info: "Server Started on 7836"
2019-04-27T03:02:45.061Z info: "Server Started on 7836"
2019-04-27T03:02:47.318Z info: "Incoming Request : /v1/conversations"
2019-04-27T03:03:09.075Z info: "Server Started on 7836"
2019-04-27T03:03:09.097Z info: "Server Started on 7836"
2019-04-27T03:03:09.106Z info: "Server Started on 7836"
2019-04-27T03:03:09.125Z info: "Server Started on 7836"
2019-04-27T03:03:12.099Z info: "Incoming Request : /v1/conversations"
2019-04-27T03:03:44.754Z info: "Server Started on 7836"
2019-04-27T03:03:44.743Z info: "Server Started on 7836"
2019-04-27T03:03:44.757Z info: "Server Started on 7836"
2019-04-27T03:03:44.792Z info: "Server Started on 7836"
2019-04-27T03:03:45.524Z info: "Incoming Request : /v1/conversations"
2019-04-27T03:04:18.990Z info: "Server Started on 7836"
2019-04-27T03:04:18.990Z info: "Server Started on 7836"
2019-04-27T03:04:18.990Z info: "Server Started on 7836"
2019-04-27T03:04:18.995Z info: "Server Started on 7836"
2019-04-27T03:04:22.022Z info: "Incoming Request : /v1/conversations"
2019-04-27T03:04:55.018Z info: "Server Started on 7836"
2019-04-27T03:04:55.025Z info: "Server Started on 7836"
2019-04-27T03:04:55.048Z info: "Server Started on 7836"
2019-04-27T03:04:55.031Z info: "Server Started on 7836"
2019-04-27T03:04:58.126Z info: "Incoming Request : /v1/conversations"
2019-04-27T03:05:14.986Z info: "Server Started on 7836"
2019-04-27T03:05:14.976Z info: "Server Started on 7836"
2019-04-27T03:05:15.059Z info: "Server Started on 7836"
2019-04-27T03:05:15.060Z info: "Server Started on 7836"
2019-04-27T03:05:18.726Z info: "Incoming Request : /v1/conversations"
2019-04-27T03:05:58.504Z info: "Server Started on 7836"
2019-04-27T03:05:58.496Z info: "Server Started on 7836"
2019-04-27T03:05:58.556Z info: "Server Started on 7836"
2019-04-27T03:05:58.583Z info: "Server Started on 7836"
2019-04-27T03:06:00.565Z info: "Incoming Request : /v1/conversations"
2019-04-27T03:06:28.159Z info: "Server Started on 7836"
2019-04-27T03:06:28.158Z info: "Server Started on 7836"
2019-04-27T03:06:28.159Z info: "Server Started on 7836"
2019-04-27T03:06:28.169Z info: "Server Started on 7836"
2019-04-27T03:06:30.094Z info: "Incoming Request : /v1/conversations"
2019-04-27T03:13:22.010Z info: "Server Started on 7836"
2019-04-27T03:13:22.001Z info: "Server Started on 7836"
2019-04-27T03:13:22.004Z info: "Server Started on 7836"
2019-04-27T03:13:22.002Z info: "Server Started on 7836"
2019-04-27T03:13:24.815Z info: "Incoming Request : /v1/conversations"
2019-04-27T03:35:23.399Z info: "Server Started on 7836"
2019-04-27T03:35:23.399Z info: "Server Started on 7836"
2019-04-27T03:35:23.398Z info: "Server Started on 7836"
2019-04-27T03:35:23.409Z info: "Server Started on 7836"
2019-04-27T03:35:25.140Z info: "Incoming Request : /v1/conversations"
2019-04-27T03:38:39.516Z info: "Server Started on 7836"
2019-04-27T03:38:39.517Z info: "Server Started on 7836"
2019-04-27T03:38:39.526Z info: "Server Started on 7836"
2019-04-27T03:38:39.533Z info: "Server Started on 7836"
2019-04-27T03:38:50.643Z info: "Server Started on 7836"
2019-04-27T03:38:50.663Z info: "Server Started on 7836"
2019-04-27T03:38:50.665Z info: "Server Started on 7836"
2019-04-27T03:38:50.685Z info: "Server Started on 7836"
2019-04-27T03:38:54.728Z info: "Incoming Request : /v1/conversations"
2019-04-27T03:39:07.723Z info: "Server Started on 7836"
2019-04-27T03:39:07.729Z info: "Server Started on 7836"
2019-04-27T03:39:07.736Z info: "Server Started on 7836"
2019-04-27T03:39:07.828Z info: "Server Started on 7836"
2019-04-27T03:39:10.471Z info: "Incoming Request : /v1/conversations"
2019-04-27T03:39:24.257Z info: "Server Started on 7836"
2019-04-27T03:39:24.262Z info: "Server Started on 7836"
2019-04-27T03:39:24.268Z info: "Server Started on 7836"
2019-04-27T03:39:24.345Z info: "Server Started on 7836"
2019-04-27T03:39:28.089Z info: "Incoming Request : /v1/conversations"
2019-04-27T03:39:28.214Z error: {"result":"failure","response":{"message":"Cannot set property 'conversationList' of undefined","code":"EXCEPTION"}}
2019-04-27T03:39:40.090Z info: "Server Started on 7836"
2019-04-27T03:39:40.095Z info: "Server Started on 7836"
2019-04-27T03:39:40.118Z info: "Server Started on 7836"
2019-04-27T03:39:40.107Z info: "Server Started on 7836"
2019-04-27T03:39:41.578Z info: "Incoming Request : /v1/conversations"
2019-04-27T03:39:41.674Z error: {"result":"failure","response":{"message":"Cannot set property 'conversationList' of undefined","code":"EXCEPTION"}}
2019-04-27T03:39:42.025Z info: "Incoming Request : /v1/conversations"
2019-04-27T03:39:42.039Z error: {"result":"failure","response":{"message":"Cannot set property 'conversationList' of undefined","code":"EXCEPTION"}}
2019-04-27T03:40:01.408Z info: "Server Started on 7836"
2019-04-27T03:40:01.426Z info: "Server Started on 7836"
2019-04-27T03:40:01.441Z info: "Server Started on 7836"
2019-04-27T03:40:01.449Z info: "Server Started on 7836"
2019-04-27T03:40:03.596Z info: "Incoming Request : /v1/conversations"
2019-04-27T03:40:21.071Z info: "Server Started on 7836"
2019-04-27T03:40:21.069Z info: "Server Started on 7836"
2019-04-27T03:40:21.069Z info: "Server Started on 7836"
2019-04-27T03:40:21.076Z info: "Server Started on 7836"
2019-04-27T03:40:22.563Z info: "Incoming Request : /v1/conversations"
2019-04-27T03:40:32.786Z info: "Server Started on 7836"
2019-04-27T03:40:32.818Z info: "Server Started on 7836"
2019-04-27T03:40:32.833Z info: "Server Started on 7836"
2019-04-27T03:40:32.892Z info: "Server Started on 7836"
2019-04-27T03:40:34.566Z info: "Incoming Request : /v1/conversations"
2019-04-27T03:41:46.910Z info: "Server Started on 7836"
2019-04-27T03:41:46.910Z info: "Server Started on 7836"
2019-04-27T03:41:46.912Z info: "Server Started on 7836"
2019-04-27T03:41:46.904Z info: "Server Started on 7836"
2019-04-27T03:41:52.679Z info: "Incoming Request : /v1/conversations"
2019-04-27T03:41:59.907Z info: "Server Started on 7836"
2019-04-27T03:41:59.912Z info: "Server Started on 7836"
2019-04-27T03:41:59.924Z info: "Server Started on 7836"
2019-04-27T03:41:59.950Z info: "Server Started on 7836"
2019-04-27T03:42:02.095Z info: "Incoming Request : /v1/conversations"
2019-04-27T03:42:10.830Z info: "Server Started on 7836"
2019-04-27T03:42:10.829Z info: "Server Started on 7836"
2019-04-27T03:42:10.847Z info: "Server Started on 7836"
2019-04-27T03:42:10.843Z info: "Server Started on 7836"
2019-04-27T03:42:13.217Z info: "Incoming Request : /v1/conversations"
2019-04-27T03:42:27.456Z info: "Server Started on 7836"
2019-04-27T03:42:27.456Z info: "Server Started on 7836"
2019-04-27T03:42:27.456Z info: "Server Started on 7836"
2019-04-27T03:42:27.462Z info: "Server Started on 7836"
2019-04-27T03:42:29.232Z info: "Incoming Request : /v1/conversations"
2019-04-27T03:42:53.466Z info: "Server Started on 7836"
2019-04-27T03:42:53.478Z info: "Server Started on 7836"
2019-04-27T03:42:53.453Z info: "Server Started on 7836"
2019-04-27T03:42:53.600Z info: "Server Started on 7836"
2019-04-27T03:42:55.483Z info: "Incoming Request : /v1/conversations"
2019-04-27T03:43:32.293Z info: "Server Started on 7836"
2019-04-27T03:43:32.306Z info: "Server Started on 7836"
2019-04-27T03:43:32.294Z info: "Server Started on 7836"
2019-04-27T03:43:32.291Z info: "Server Started on 7836"
2019-04-27T03:43:35.716Z info: "Incoming Request : /v1/conversations"
2019-04-27T03:44:26.985Z info: "Incoming Request : /v1/signin"
2019-04-27T03:44:27.052Z error: {"result":"failure","response":{"message":"Invalid Credentials","code":"SIGNINERROR"}}
2019-04-27T03:44:29.452Z info: "Incoming Request : /v1/signin"
2019-04-27T03:44:50.351Z info: "Incoming Request : /v1/conversations/message"
2019-04-27T03:44:54.683Z info: "Incoming Request : /v1/conversations"
2019-04-27T03:55:59.425Z info: "Server Started on 7836"
2019-04-27T03:55:59.416Z info: "Server Started on 7836"
2019-04-27T03:55:59.415Z info: "Server Started on 7836"
2019-04-27T03:55:59.415Z info: "Server Started on 7836"
2019-04-27T03:56:12.154Z info: "Server Started on 7836"
2019-04-27T03:56:12.185Z info: "Server Started on 7836"
2019-04-27T03:56:12.185Z info: "Server Started on 7836"
2019-04-27T03:56:12.193Z info: "Server Started on 7836"
2019-04-27T04:04:09.732Z info: "Server Started on 7836"
2019-04-27T04:04:09.732Z info: "Server Started on 7836"
2019-04-27T04:04:09.766Z info: "Server Started on 7836"
2019-04-27T04:04:09.737Z info: "Server Started on 7836"
2019-04-27T04:04:26.593Z info: "Server Started on 7836"
2019-04-27T04:04:26.621Z info: "Server Started on 7836"
2019-04-27T04:04:26.633Z info: "Server Started on 7836"
2019-04-27T04:04:26.620Z info: "Server Started on 7836"
2019-04-27T04:04:39.545Z info: "Server Started on 7836"
2019-04-27T04:04:39.543Z info: "Server Started on 7836"
2019-04-27T04:04:39.550Z info: "Server Started on 7836"
2019-04-27T04:04:39.571Z info: "Server Started on 7836"
2019-04-27T04:05:09.091Z info: "Server Started on 7836"
2019-04-27T04:05:09.159Z info: "Server Started on 7836"
2019-04-27T04:05:09.195Z info: "Server Started on 7836"
2019-04-27T04:05:09.293Z info: "Server Started on 7836"
2019-04-27T04:05:15.620Z info: "Server Started on 7836"
2019-04-27T04:05:15.666Z info: "Server Started on 7836"
2019-04-27T04:05:15.649Z info: "Server Started on 7836"
2019-04-27T04:05:15.642Z info: "Server Started on 7836"
2019-04-27T04:05:51.233Z info: "Server Started on 7836"
2019-04-27T04:05:51.232Z info: "Server Started on 7836"
2019-04-27T04:05:51.231Z info: "Server Started on 7836"
2019-04-27T04:05:51.324Z info: "Server Started on 7836"
2019-04-27T04:09:20.541Z info: "Server Started on 7836"
2019-04-27T04:09:20.541Z info: "Server Started on 7836"
2019-04-27T04:09:20.539Z info: "Server Started on 7836"
2019-04-27T04:09:20.548Z info: "Server Started on 7836"
2019-04-27T04:13:52.917Z info: "Server Started on 7836"
2019-04-27T04:13:52.917Z info: "Server Started on 7836"
2019-04-27T04:13:52.922Z info: "Server Started on 7836"
2019-04-27T04:13:52.926Z info: "Server Started on 7836"
2019-04-27T04:14:07.359Z info: "Server Started on 7836"
2019-04-27T04:14:07.363Z info: "Server Started on 7836"
2019-04-27T04:14:07.375Z info: "Server Started on 7836"
2019-04-27T04:14:07.418Z info: "Server Started on 7836"
2019-04-27T04:14:28.100Z info: "Server Started on 7836"
2019-04-27T04:14:28.120Z info: "Server Started on 7836"
2019-04-27T04:14:28.147Z info: "Server Started on 7836"
2019-04-27T04:14:28.230Z info: "Server Started on 7836"
2019-04-27T04:19:54.451Z info: "Server Started on 7836"
2019-04-27T04:19:54.452Z info: "Server Started on 7836"
2019-04-27T04:19:54.451Z info: "Server Started on 7836"
2019-04-27T04:19:54.458Z info: "Server Started on 7836"
2019-04-27T04:20:08.398Z info: "Server Started on 7836"
2019-04-27T04:20:08.406Z info: "Server Started on 7836"
2019-04-27T04:20:08.403Z info: "Server Started on 7836"
2019-04-27T04:20:08.427Z info: "Server Started on 7836"
2019-04-27T04:27:38.863Z info: "Server Started on 7836"
2019-04-27T04:27:38.863Z info: "Server Started on 7836"
2019-04-27T04:27:38.863Z info: "Server Started on 7836"
2019-04-27T04:27:38.867Z info: "Server Started on 7836"
2019-04-27T04:27:51.492Z info: "Server Started on 7836"
2019-04-27T04:27:51.517Z info: "Server Started on 7836"
2019-04-27T04:27:51.544Z info: "Server Started on 7836"
2019-04-27T04:27:51.598Z info: "Server Started on 7836"
2019-04-27T04:32:10.447Z info: "Server Started on 7836"
2019-04-27T04:32:10.447Z info: "Server Started on 7836"
2019-04-27T04:32:10.448Z info: "Server Started on 7836"
2019-04-27T04:32:10.456Z info: "Server Started on 7836"
2019-04-27T04:32:20.768Z info: "Server Started on 7836"
2019-04-27T04:32:20.774Z info: "Server Started on 7836"
2019-04-27T04:32:20.804Z info: "Server Started on 7836"
2019-04-27T04:32:20.889Z info: "Server Started on 7836"
2019-04-27T04:33:17.941Z info: "Server Started on 7836"
2019-04-27T04:33:17.975Z info: "Server Started on 7836"
2019-04-27T04:33:17.949Z info: "Server Started on 7836"
2019-04-27T04:33:17.976Z info: "Server Started on 7836"
2019-04-27T04:33:30.206Z info: "Incoming Request : /v1/conversations"
2019-04-27T04:33:50.734Z info: "Incoming Request : /v1/conversations/sendto"
2019-04-27T04:33:50.824Z error: {"result":"failure","response":{"message":"Object Not Found","code":"NOTFOUND"}}
2019-04-27T04:34:26.511Z info: "Server Started on 7836"
2019-04-27T04:34:26.538Z info: "Server Started on 7836"
2019-04-27T04:34:26.605Z info: "Server Started on 7836"
2019-04-27T04:34:26.654Z info: "Server Started on 7836"
2019-04-27T04:34:29.792Z info: "Incoming Request : /v1/conversations/sendto"
2019-04-27T04:34:29.883Z error: {"result":"failure","response":{"message":"Invalid Request","code":"INVREQUEST"}}
2019-04-27T04:35:00.268Z info: "Incoming Request : /v1/conversations/sendto?q=w&"
2019-04-27T04:35:00.374Z error: {"result":"failure","response":{"message":"Invalid Request","code":"INVREQUEST"}}
2019-04-27T04:35:07.061Z info: "Incoming Request : /v1/conversations/sendto?q=w&limit=1"
2019-04-27T04:35:07.068Z error: {"result":"failure","response":{"message":"Invalid Request","code":"INVREQUEST"}}
2019-04-27T04:35:28.067Z info: "Incoming Request : /v1/conversations/sendto?q=wfvd&limit=1"
2019-04-27T04:44:48.211Z info: "Server Started on 7836"
2019-04-27T04:44:48.215Z info: "Server Started on 7836"
2019-04-27T04:44:48.207Z info: "Server Started on 7836"
2019-04-27T04:44:48.216Z info: "Server Started on 7836"
2019-04-27T04:45:01.337Z info: "Server Started on 7836"
2019-04-27T04:45:01.323Z info: "Server Started on 7836"
2019-04-27T04:45:01.359Z info: "Server Started on 7836"
2019-04-27T04:45:01.361Z info: "Server Started on 7836"
2019-04-27T04:45:37.999Z info: "Server Started on 7836"
2019-04-27T04:45:38.003Z info: "Server Started on 7836"
2019-04-27T04:45:38.000Z info: "Server Started on 7836"
2019-04-27T04:45:38.009Z info: "Server Started on 7836"
2019-04-27T04:46:53.294Z info: "Server Started on 7836"
2019-04-27T04:46:53.306Z info: "Server Started on 7836"
2019-04-27T04:46:53.306Z info: "Server Started on 7836"
2019-04-27T04:46:53.309Z info: "Server Started on 7836"
2019-04-27T04:46:55.316Z info: "Server Started on 7836"
2019-04-27T04:46:55.312Z info: "Server Started on 7836"
2019-04-27T04:46:55.342Z info: "Server Started on 7836"
2019-04-27T04:46:55.345Z info: "Server Started on 7836"
2019-04-27T04:47:44.892Z info: "Server Started on 7836"
2019-04-27T04:47:44.903Z info: "Server Started on 7836"
2019-04-27T04:47:44.904Z info: "Server Started on 7836"
2019-04-27T04:47:44.898Z info: "Server Started on 7836"
2019-04-27T04:47:53.261Z info: "Server Started on 7836"
2019-04-27T04:47:53.266Z info: "Server Started on 7836"
2019-04-27T04:47:53.308Z info: "Server Started on 7836"
2019-04-27T04:47:53.303Z info: "Server Started on 7836"
2019-04-27T04:50:00.137Z info: "Incoming Request : /v1/conversations/sendto?q=wfvd&limit=1"
2019-04-27T04:50:11.113Z info: "Incoming Request : /v1/conversations/sendto?q=wfvd&limit=1"
2019-04-29T05:34:47.502Z error: "Cannot read property 'getAnswers' of undefined"
2019-04-29T05:34:47.500Z error: "Cannot read property 'getAnswers' of undefined"
2019-04-29T05:34:47.499Z error: "Cannot read property 'getAnswers' of undefined"
2019-04-29T05:34:47.503Z error: "Cannot read property 'getAnswers' of undefined"
2019-04-29T05:34:51.776Z error: "Cannot read property 'getAnswers' of undefined"
2019-04-29T05:34:51.772Z error: "Cannot read property 'getAnswers' of undefined"
2019-04-29T05:34:51.808Z error: "Cannot read property 'getAnswers' of undefined"
2019-04-29T05:34:51.835Z error: "Cannot read property 'getAnswers' of undefined"
2019-04-29T05:34:56.000Z error: "Cannot read property 'getAnswers' of undefined"
2019-04-29T05:34:56.002Z error: "Cannot read property 'getAnswers' of undefined"
2019-04-29T05:34:56.060Z error: "Cannot read property 'getAnswers' of undefined"
2019-04-29T05:34:56.093Z error: "Cannot read property 'getAnswers' of undefined"
2019-04-29T05:35:00.367Z error: "Cannot read property 'getAnswers' of undefined"
2019-04-29T05:35:00.381Z error: "Cannot read property 'getAnswers' of undefined"
2019-04-29T05:35:00.383Z error: "Cannot read property 'getAnswers' of undefined"
2019-04-29T05:35:00.442Z error: "Cannot read property 'getAnswers' of undefined"
2019-04-29T05:35:04.758Z error: "Cannot read property 'getAnswers' of undefined"
2019-04-29T05:35:04.751Z error: "Cannot read property 'getAnswers' of undefined"
2019-04-29T05:35:04.818Z error: "Cannot read property 'getAnswers' of undefined"
2019-04-29T05:35:04.886Z error: "Cannot read property 'getAnswers' of undefined"
2019-04-29T05:35:09.750Z info: "Server Started on 7836"
2019-04-29T05:35:09.758Z info: "Server Started on 7836"
2019-04-29T05:35:09.907Z info: "Server Started on 7836"
2019-04-29T05:35:09.981Z info: "Server Started on 7836"
2019-04-29T05:35:33.170Z info: "Server Started on 7836"
2019-04-29T05:35:33.176Z info: "Server Started on 7836"
2019-04-29T05:35:33.170Z info: "Server Started on 7836"
2019-04-29T05:35:33.175Z info: "Server Started on 7836"
2019-04-29T05:35:44.178Z info: "Server Started on 7836"
2019-04-29T05:35:44.202Z info: "Server Started on 7836"
2019-04-29T05:35:44.199Z info: "Server Started on 7836"
2019-04-29T05:35:44.213Z info: "Server Started on 7836"
2019-04-29T05:36:48.009Z info: "Server Started on 7836"
2019-04-29T05:36:48.007Z info: "Server Started on 7836"
2019-04-29T05:36:48.007Z info: "Server Started on 7836"
2019-04-29T05:36:48.007Z info: "Server Started on 7836"
2019-04-29T05:37:01.541Z info: "Server Started on 7836"
2019-04-29T05:37:01.530Z info: "Server Started on 7836"
2019-04-29T05:37:01.552Z info: "Server Started on 7836"
2019-04-29T05:37:01.609Z info: "Server Started on 7836"
2019-04-29T05:37:47.588Z info: "Incoming Request : /v1/answers?top=10"
2019-04-29T05:37:47.594Z error: {"result":"failure","response":{"message":"Invalid Token","code":"TOKENERROR"}}
2019-04-29T05:37:48.011Z info: "Incoming Request : /v1/answers?top=10"
2019-04-29T05:37:48.012Z error: {"result":"failure","response":{"message":"Invalid Token","code":"TOKENERROR"}}
2019-04-29T05:37:52.366Z info: "Incoming Request : /v1/answers?top=10"
2019-04-29T05:38:42.208Z info: "Server Started on 7836"
2019-04-29T05:38:42.205Z info: "Server Started on 7836"
2019-04-29T05:38:42.206Z info: "Server Started on 7836"
2019-04-29T05:38:42.207Z info: "Server Started on 7836"
2019-04-29T05:38:45.692Z info: "Incoming Request : /v1/answers?top=10"
2019-04-29T05:39:12.015Z info: "Server Started on 7836"
2019-04-29T05:39:12.053Z info: "Server Started on 7836"
2019-04-29T05:39:12.023Z info: "Server Started on 7836"
2019-04-29T05:39:12.123Z info: "Server Started on 7836"
2019-04-29T05:39:14.511Z info: "Incoming Request : /v1/answers?top=10"
2019-04-29T05:39:28.045Z info: "Incoming Request : /v1/answers?top=10&sort=views"
2019-04-29T05:39:53.436Z info: "Server Started on 7836"
2019-04-29T05:39:53.443Z info: "Server Started on 7836"
2019-04-29T05:39:53.486Z info: "Server Started on 7836"
2019-04-29T05:39:53.539Z info: "Server Started on 7836"
2019-04-29T05:39:57.557Z info: "Incoming Request : /v1/answers?top=10&sort=views"
2019-04-29T05:40:09.570Z info: "Incoming Request : /v1/answers?top=10&sort=vupvotes"
2019-04-29T05:40:17.633Z info: "Incoming Request : /v1/answers?top=10&sort=upvotes"
2019-04-29T05:40:49.907Z info: "Incoming Request : /v1/answers/ansvfdjnc/views?top=10&sort=upvotes"
2019-04-29T05:40:49.915Z error: {"result":"failure","response":{"message":"eq is not defined","code":"EXCEPTION"}}
2019-04-29T05:41:04.849Z info: "Server Started on 7836"
2019-04-29T05:41:04.857Z info: "Server Started on 7836"
2019-04-29T05:41:04.917Z info: "Server Started on 7836"
2019-04-29T05:41:04.945Z info: "Server Started on 7836"
2019-04-29T05:41:06.809Z info: "Incoming Request : /v1/answers/ansvfdjnc/views?top=10&sort=upvotes"
2019-04-29T05:41:06.842Z error: {"result":"failure","response":{"message":"i is not defined","code":"EXCEPTION"}}
2019-04-29T05:42:39.238Z info: "Server Started on 7836"
2019-04-29T05:42:39.239Z info: "Server Started on 7836"
2019-04-29T05:42:39.236Z info: "Server Started on 7836"
2019-04-29T05:42:39.236Z info: "Server Started on 7836"
2019-04-29T05:42:42.000Z info: "Incoming Request : /v1/answers/ansvfdjnc/views?top=10&sort=upvotes"
2019-04-29T05:43:02.619Z info: "Server Started on 7836"
2019-04-29T05:43:02.642Z info: "Server Started on 7836"
2019-04-29T05:43:02.634Z info: "Server Started on 7836"
2019-04-29T05:43:02.833Z info: "Server Started on 7836"
2019-04-29T05:43:05.423Z info: "Incoming Request : /v1/answers/ansvfdjnc/views?top=10&sort=upvotes"
2019-04-29T05:44:04.133Z info: "Server Started on 7836"
2019-04-29T05:44:04.136Z info: "Server Started on 7836"
2019-04-29T05:44:04.134Z info: "Server Started on 7836"
2019-04-29T05:44:04.161Z info: "Server Started on 7836"
2019-04-29T05:44:06.949Z info: "Incoming Request : /v1/answers/ansvfdjnc/views?top=10&sort=upvotes"
2019-04-30T10:09:57.790Z error: "Cannot find module 'ioredis'"
2019-04-30T10:09:57.792Z error: "Cannot find module 'ioredis'"
2019-04-30T10:09:57.797Z error: "Cannot find module 'ioredis'"
2019-04-30T10:09:57.790Z error: "Cannot find module 'ioredis'"
2019-04-30T10:10:02.390Z error: "Cannot find module 'ioredis'"
2019-04-30T10:10:02.388Z error: "Cannot find module 'ioredis'"
2019-04-30T10:10:02.452Z error: "Cannot find module 'ioredis'"
2019-04-30T10:10:02.557Z error: "Cannot find module 'ioredis'"
2019-04-30T10:10:06.545Z error: "Cannot find module 'ioredis'"
2019-04-30T10:10:06.628Z error: "Cannot find module 'ioredis'"
2019-04-30T10:10:06.700Z error: "Cannot find module 'ioredis'"
2019-04-30T10:10:06.779Z error: "Cannot find module 'ioredis'"
2019-04-30T10:10:11.006Z error: "Cannot find module 'ioredis'"
2019-04-30T10:10:11.229Z error: "Cannot find module 'ioredis'"
2019-04-30T10:10:11.366Z error: "Cannot find module 'ioredis'"
2019-04-30T10:10:11.423Z error: "Cannot find module 'ioredis'"
2019-04-30T10:10:15.449Z error: "options is not defined"
2019-04-30T10:10:15.807Z error: "options is not defined"
2019-04-30T10:10:15.969Z error: "options is not defined"
2019-04-30T10:10:16.008Z error: "options is not defined"
2019-04-30T10:10:19.264Z error: "options is not defined"
2019-04-30T10:10:19.812Z error: "options is not defined"
2019-04-30T10:10:20.044Z error: "options is not defined"
2019-04-30T10:10:20.072Z error: "options is not defined"
2019-04-30T10:10:22.984Z error: "options is not defined"
2019-04-30T10:10:23.823Z error: "options is not defined"
2019-04-30T10:10:24.022Z error: "options is not defined"
2019-04-30T10:10:24.076Z error: "options is not defined"
2019-04-30T10:10:26.686Z error: "options is not defined"
2019-04-30T10:10:27.714Z error: "options is not defined"
2019-04-30T10:10:27.964Z error: "options is not defined"
2019-04-30T10:10:28.036Z error: "options is not defined"
2019-04-30T10:10:30.382Z error: "options is not defined"
2019-04-30T10:10:31.588Z error: "options is not defined"
2019-04-30T10:10:31.902Z error: "options is not defined"
2019-04-30T10:10:31.979Z error: "options is not defined"
2019-04-30T10:10:34.066Z error: "options is not defined"
2019-04-30T10:10:35.416Z error: "options is not defined"
2019-04-30T10:10:35.783Z error: "options is not defined"
2019-04-30T10:10:35.870Z error: "options is not defined"
2019-04-30T10:10:37.741Z error: "options is not defined"
2019-04-30T10:10:39.229Z error: "options is not defined"
2019-04-30T10:10:39.675Z error: "options is not defined"
2019-04-30T10:10:39.744Z error: "options is not defined"
2019-04-30T10:10:41.423Z error: "options is not defined"
2019-04-30T10:10:42.985Z error: "options is not defined"
2019-04-30T10:10:43.595Z error: "options is not defined"
2019-04-30T10:10:43.675Z error: "options is not defined"
2019-04-30T10:10:45.109Z error: "options is not defined"
2019-04-30T10:10:46.680Z error: "options is not defined"
2019-04-30T10:10:47.376Z error: "options is not defined"
2019-04-30T10:10:47.455Z error: "options is not defined"
2019-04-30T10:10:48.793Z error: "options is not defined"
2019-04-30T10:10:50.371Z error: "options is not defined"
2019-04-30T10:10:51.153Z error: "options is not defined"
2019-04-30T10:10:51.232Z error: "options is not defined"
2019-04-30T10:10:52.500Z error: "options is not defined"
2019-04-30T10:10:54.065Z error: "options is not defined"
2019-04-30T10:10:54.906Z error: "options is not defined"
2019-04-30T10:10:55.010Z error: "options is not defined"
2019-04-30T10:10:56.202Z error: "options is not defined"
2019-04-30T10:10:57.768Z error: "options is not defined"
2019-04-30T10:10:58.676Z error: "options is not defined"
2019-04-30T10:10:58.791Z error: "options is not defined"
2019-04-30T10:10:59.903Z error: "options is not defined"
2019-04-30T10:11:01.462Z error: "options is not defined"
2019-04-30T10:11:02.451Z error: "options is not defined"
2019-04-30T10:11:02.581Z error: "options is not defined"
2019-04-30T10:11:03.599Z error: "options is not defined"
2019-04-30T10:11:05.195Z error: "options is not defined"
2019-04-30T10:11:06.271Z error: "options is not defined"
2019-04-30T10:11:06.412Z error: "options is not defined"
2019-04-30T10:11:07.316Z error: "options is not defined"
2019-04-30T10:11:08.964Z error: "options is not defined"
2019-04-30T10:11:10.236Z error: "options is not defined"
2019-04-30T10:11:10.236Z error: "options is not defined"
2019-04-30T10:11:10.233Z error: "options is not defined"
2019-04-30T10:11:10.250Z error: "options is not defined"
2019-04-30T10:11:14.462Z error: "options is not defined"
2019-04-30T10:11:14.485Z error: "options is not defined"
2019-04-30T10:11:14.490Z error: "options is not defined"
2019-04-30T10:11:14.474Z error: "options is not defined"
2019-04-30T10:11:18.678Z error: "options is not defined"
2019-04-30T10:11:18.702Z error: "options is not defined"
2019-04-30T10:11:18.723Z error: "options is not defined"
2019-04-30T10:11:18.744Z error: "options is not defined"
2019-04-30T10:11:22.878Z error: "options is not defined"
2019-04-30T10:11:22.946Z error: "options is not defined"
2019-04-30T10:11:22.969Z error: "options is not defined"
2019-04-30T10:11:23.010Z error: "options is not defined"
2019-04-30T10:11:27.077Z error: "options is not defined"
2019-04-30T10:11:27.210Z error: "options is not defined"
2019-04-30T10:11:27.248Z error: "options is not defined"
2019-04-30T10:11:27.274Z error: "options is not defined"
2019-04-30T10:11:31.212Z error: "options is not defined"
2019-04-30T10:11:31.443Z error: "options is not defined"
2019-04-30T10:11:31.457Z error: "options is not defined"
2019-04-30T10:11:31.524Z error: "options is not defined"
2019-04-30T10:11:36.113Z error: "options is not defined"
2019-04-30T10:11:36.115Z error: "options is not defined"
2019-04-30T10:11:36.118Z error: "options is not defined"
2019-04-30T10:11:36.124Z error: "options is not defined"
2019-04-30T10:11:40.421Z error: "options is not defined"
2019-04-30T10:11:40.424Z error: "options is not defined"
2019-04-30T10:11:40.407Z error: "options is not defined"
2019-04-30T10:11:40.481Z error: "options is not defined"
2019-04-30T10:11:43.480Z error: "options is not defined"
2019-04-30T10:11:43.488Z error: "options is not defined"
2019-04-30T10:11:43.482Z error: "options is not defined"
2019-04-30T10:11:43.561Z error: "options is not defined"
2019-04-30T10:11:48.023Z error: "options is not defined"
2019-04-30T10:11:48.007Z error: "options is not defined"
2019-04-30T10:11:48.006Z error: "options is not defined"
2019-04-30T10:11:48.133Z error: "options is not defined"
2019-04-30T10:11:52.628Z error: "options is not defined"
2019-04-30T10:11:52.634Z error: "options is not defined"
2019-04-30T10:11:52.658Z error: "options is not defined"
2019-04-30T10:11:52.756Z error: "options is not defined"
2019-04-30T10:11:59.176Z error: "require(...) is not a function"
2019-04-30T10:11:59.170Z error: "require(...) is not a function"
2019-04-30T10:11:59.192Z error: "require(...) is not a function"
2019-04-30T10:11:59.233Z error: "require(...) is not a function"
2019-04-30T10:12:03.984Z error: "require(...) is not a function"
2019-04-30T10:12:04.027Z error: "require(...) is not a function"
2019-04-30T10:12:04.010Z error: "require(...) is not a function"
2019-04-30T10:12:04.185Z error: "require(...) is not a function"
2019-04-30T10:12:08.680Z error: "require(...) is not a function"
2019-04-30T10:12:08.713Z error: "require(...) is not a function"
2019-04-30T10:12:08.699Z error: "require(...) is not a function"
2019-04-30T10:12:08.916Z error: "require(...) is not a function"
2019-04-30T10:12:14.897Z info: "Server Started on 7836"
2019-04-30T10:12:14.949Z info: "Server Started on 7836"
2019-04-30T10:12:14.934Z info: "Server Started on 7836"
2019-04-30T10:12:15.003Z info: "Server Started on 7836"
2019-04-30T10:12:42.221Z info: "Server Started on 7836"
2019-04-30T10:12:42.221Z info: "Server Started on 7836"
2019-04-30T10:12:42.226Z info: "Server Started on 7836"
2019-04-30T10:12:42.221Z info: "Server Started on 7836"
2019-04-30T10:13:08.050Z info: "Server Started on 7836"
2019-04-30T10:13:08.061Z info: "Server Started on 7836"
2019-04-30T10:13:08.067Z info: "Server Started on 7836"
2019-04-30T10:13:08.062Z info: "Server Started on 7836"
2019-04-30T10:14:22.872Z info: "Server Started on 7836"
2019-04-30T10:14:22.915Z info: "Server Started on 7836"
2019-04-30T10:14:22.872Z info: "Server Started on 7836"
2019-04-30T10:14:22.917Z info: "Server Started on 7836"
2019-04-30T10:15:23.467Z info: "Incoming Request : /v1/users/b22da350-672f-11e9-9673-17798485f99b"
2019-04-30T10:15:23.488Z error: {"result":"failure","response":{"message":"Object Not Found","code":"NOTFOUND"}}
2019-04-30T10:15:28.861Z info: "Incoming Request : /v1/signin"
2019-04-30T10:15:42.505Z info: "Incoming Request : /v1/users/a1640220-6802-11e9-8e1a-bd176bf67daa"
2019-04-30T10:15:58.814Z info: "Incoming Request : /v1/users/a1640220-6802-11e9-8e1a-bd176bf67daa"
2019-04-30T10:16:01.591Z info: "Incoming Request : /v1/users/a1640220-6802-11e9-8e1a-bd176bf67daaa"
2019-04-30T10:16:01.598Z error: {"result":"failure","response":{"message":"Object Not Found","code":"NOTFOUND"}}
2019-04-30T10:16:06.925Z info: "Incoming Request : /v1/users/a1640220-6802-11e9-8e1a-bd176bf67daa"
2019-04-30T20:06:48.701Z info: "Main Backend Connected to Kafka"
2019-04-30T20:07:01.508Z info: "Step 2 : Event received into main Backend"
2019-04-30T20:07:01.871Z info: "Step 3 : Event being Processed in Mesasge Handler"
2019-04-30T20:08:15.270Z info: "Step 2 : Event received into main Backend"
2019-04-30T20:08:15.271Z info: "Step 3 : Event being Processed in Mesasge Handler"
2019-04-30T20:10:28.547Z info: "Main Backend Connected to Kafka"
2019-04-30T20:11:07.753Z info: "Main Backend Connected to Kafka"
2019-04-30T20:11:17.774Z info: "Step 2 : Event received into main Backend"
2019-04-30T20:11:17.881Z info: "Step 3 : Event being Processed in Mesasge Handler"
2019-04-30T20:11:17.936Z info: "Step 4 : Event successfully Processed in Mesasge Handler"
2019-04-30T20:11:17.937Z info: "Step 5 : Event Reply being sent from Mesasge Handler"
2019-04-30T20:12:10.268Z info: "Main Backend Connected to Kafka"
2019-04-30T20:12:20.984Z info: "Main Backend Connected to Kafka"
2019-04-30T20:12:37.992Z info: "Step 2 : Event received into main Backend"
2019-04-30T20:12:38.121Z info: "Step 3 : Event being Processed in Mesasge Handler"
2019-04-30T20:12:38.169Z info: "Step 4 : Event successfully Processed in Mesasge Handler"
2019-04-30T20:12:38.171Z info: "Step 5 : Event Reply being sent from Mesasge Handler"
